{"/Users/rockieguo/Documents/GitHub/winstonflight/index.js":{"path":"/Users/rockieguo/Documents/GitHub/winstonflight/index.js","s":{"1":1,"2":1,"3":2,"4":3,"5":3,"6":3,"7":2,"8":3,"9":1,"10":1,"11":1,"12":1,"13":1,"14":1,"15":0,"16":3},"b":{"1":[2,1],"2":[3,3],"3":[1,2],"4":[1,1],"5":[1,0],"6":[0,1]},"f":{"1":2},"fnMap":{"1":{"name":"(anonymous_1)","line":36,"loc":{"start":{"line":36,"column":17},"end":{"line":36,"column":48}}}},"statementMap":{"1":{"start":{"line":3,"column":0},"end":{"line":3,"column":28}},"2":{"start":{"line":36,"column":0},"end":{"line":65,"column":2}},"3":{"start":{"line":37,"column":4},"end":{"line":64,"column":6}},"4":{"start":{"line":38,"column":8},"end":{"line":38,"column":66}},"5":{"start":{"line":39,"column":8},"end":{"line":39,"column":24}},"6":{"start":{"line":42,"column":8},"end":{"line":44,"column":9}},"7":{"start":{"line":43,"column":12},"end":{"line":43,"column":56}},"8":{"start":{"line":46,"column":8},"end":{"line":61,"column":9}},"9":{"start":{"line":48,"column":12},"end":{"line":48,"column":96}},"10":{"start":{"line":49,"column":12},"end":{"line":49,"column":54}},"11":{"start":{"line":51,"column":12},"end":{"line":51,"column":53}},"12":{"start":{"line":53,"column":12},"end":{"line":56,"column":13}},"13":{"start":{"line":55,"column":16},"end":{"line":55,"column":60}},"14":{"start":{"line":58,"column":12},"end":{"line":60,"column":13}},"15":{"start":{"line":59,"column":16},"end":{"line":59,"column":81}},"16":{"start":{"line":63,"column":8},"end":{"line":63,"column":50}}},"branchMap":{"1":{"line":42,"type":"if","locations":[{"start":{"line":42,"column":8},"end":{"line":42,"column":8}},{"start":{"line":42,"column":8},"end":{"line":42,"column":8}}]},"2":{"line":42,"type":"binary-expr","locations":[{"start":{"line":42,"column":12},"end":{"line":42,"column":33}},{"start":{"line":42,"column":37},"end":{"line":42,"column":68}}]},"3":{"line":46,"type":"if","locations":[{"start":{"line":46,"column":8},"end":{"line":46,"column":8}},{"start":{"line":46,"column":8},"end":{"line":46,"column":8}}]},"4":{"line":48,"type":"binary-expr","locations":[{"start":{"line":48,"column":29},"end":{"line":48,"column":49}},{"start":{"line":48,"column":54},"end":{"line":48,"column":94}}]},"5":{"line":53,"type":"if","locations":[{"start":{"line":53,"column":12},"end":{"line":53,"column":12}},{"start":{"line":53,"column":12},"end":{"line":53,"column":12}}]},"6":{"line":58,"type":"if","locations":[{"start":{"line":58,"column":12},"end":{"line":58,"column":12}},{"start":{"line":58,"column":12},"end":{"line":58,"column":12}}]}}}}