{"/Users/RockieGuo/Documents/GitHub/winstonflight/index.js":{"path":"/Users/RockieGuo/Documents/GitHub/winstonflight/index.js","s":{"1":1,"2":1,"3":1,"4":2,"5":3,"6":3,"7":3,"8":2,"9":3,"10":1,"11":1,"12":1,"13":1,"14":1,"15":1,"16":0,"17":3},"b":{"1":[2,1],"2":[3,3],"3":[1,2],"4":[1,1],"5":[1,0],"6":[0,1]},"f":{},"fnMap":{},"statementMap":{"1":{"start":{"line":3,"column":0},"end":{"line":3,"column":35}},"2":{"start":{"line":4,"column":0},"end":{"line":4,"column":28}},"3":{"start":{"line":6,"column":0},"end":{"line":33,"column":3}},"4":{"start":{"line":6,"column":31},"end":{"line":33,"column":2}},"5":{"start":{"line":7,"column":4},"end":{"line":7,"column":57}},"6":{"start":{"line":8,"column":4},"end":{"line":8,"column":20}},"7":{"start":{"line":11,"column":4},"end":{"line":13,"column":5}},"8":{"start":{"line":12,"column":8},"end":{"line":12,"column":52}},"9":{"start":{"line":15,"column":4},"end":{"line":30,"column":5}},"10":{"start":{"line":17,"column":8},"end":{"line":17,"column":96}},"11":{"start":{"line":18,"column":8},"end":{"line":18,"column":50}},"12":{"start":{"line":20,"column":8},"end":{"line":20,"column":49}},"13":{"start":{"line":22,"column":8},"end":{"line":29,"column":9}},"14":{"start":{"line":24,"column":12},"end":{"line":24,"column":56}},"15":{"start":{"line":26,"column":12},"end":{"line":28,"column":13}},"16":{"start":{"line":27,"column":16},"end":{"line":27,"column":81}},"17":{"start":{"line":32,"column":4},"end":{"line":32,"column":46}}},"branchMap":{"1":{"line":11,"type":"if","locations":[{"start":{"line":11,"column":4},"end":{"line":11,"column":4}},{"start":{"line":11,"column":4},"end":{"line":11,"column":4}}]},"2":{"line":11,"type":"binary-expr","locations":[{"start":{"line":11,"column":8},"end":{"line":11,"column":29}},{"start":{"line":11,"column":33},"end":{"line":11,"column":64}}]},"3":{"line":15,"type":"if","locations":[{"start":{"line":15,"column":4},"end":{"line":15,"column":4}},{"start":{"line":15,"column":4},"end":{"line":15,"column":4}}]},"4":{"line":17,"type":"binary-expr","locations":[{"start":{"line":17,"column":25},"end":{"line":17,"column":45}},{"start":{"line":17,"column":50},"end":{"line":17,"column":94}}]},"5":{"line":22,"type":"if","locations":[{"start":{"line":22,"column":8},"end":{"line":22,"column":8}},{"start":{"line":22,"column":8},"end":{"line":22,"column":8}}]},"6":{"line":26,"type":"if","locations":[{"start":{"line":26,"column":12},"end":{"line":26,"column":12}},{"start":{"line":26,"column":12},"end":{"line":26,"column":12}}]}}}}